<?xml version="1.0" encoding="UTF-8"?>
<!-- Generated by org.testng.reporters.JUnitXMLReporter -->
<testsuite hostname="Hello" name="Default test" tests="19" failures="1" timestamp="15 Jun 2015 12:20:02 GMT" time="2422.025" errors="0">
  <testcase name="CheckCommoditySection" time="41.15" classname="test.HomePageTC"/>
  <testcase name="CheckCurrenciesSection" time="43.472" classname="test.HomePageTC"/>
  <testcase name="CheckMarketSection" time="41.131" classname="test.HomePageTC"/>
  <testcase name="CheckInitialMarketSection" time="51.412" classname="test.HomePageTC"/>
  <testcase name="Commodity" time="61.523" classname="test.HomePageTC"/>
  <testcase name="Currencies" time="62.677" classname="test.HomePageTC"/>
  <testcase name="Market" time="48.844" classname="test.HomePageTC"/>
  <testcase name="InitialMarket" time="62.015" classname="test.HomePageTC"/>
  <testcase name="MarketUpdate" time="80.775" classname="test.HomePageTC"/>
  <testcase name="Columnists" time="86.532" classname="test.HomePageTC"/>
  <testcase name="BreakingNews" time="61.005" classname="test.HomePageTC"/>
  <testcase name="Interviews" time="100.888" classname="test.HomePageTC"/>
  <testcase name="OpinionAndAnalysis" time="60.803" classname="test.HomePageTC"/>
  <testcase name="CanadianPressReleases" time="60.941" classname="test.HomePageTC"/>
  <testcase name="USPressReleases" time="61.29" classname="test.HomePageTC"/>
  <testcase name="ShowcaseNewsRelease" time="61.12" classname="test.HomePageTC"/>
  <testcase name="FeaturedCompany" time="61.094" classname="test.HomePageTC"/>
  <testcase name="VideoShowcase" time="95.831" classname="test.HomePageTC">
    <failure type="java.lang.AssertionError" message="expected [true] but found [false]">
      <![CDATA[java.lang.AssertionError: expected [true] but found [false]
	at org.testng.Assert.fail(Assert.java:94)
	at org.testng.Assert.failNotEquals(Assert.java:494)
	at org.testng.Assert.assertTrue(Assert.java:42)
	at org.testng.Assert.assertTrue(Assert.java:52)
	at test.HomePageTC.VideoShowcase(HomePageTC.java:440)
	at sun.reflect.NativeMethodAccessorImpl.invoke0(Native Method)
	at sun.reflect.NativeMethodAccessorImpl.invoke(NativeMethodAccessorImpl.java:57)
	at sun.reflect.DelegatingMethodAccessorImpl.invoke(DelegatingMethodAccessorImpl.java:43)
	at java.lang.reflect.Method.invoke(Method.java:601)
	at org.testng.internal.MethodInvocationHelper.invokeMethod(MethodInvocationHelper.java:84)
	at org.testng.internal.Invoker.invokeMethod(Invoker.java:714)
	at org.testng.internal.Invoker.invokeTestMethod(Invoker.java:901)
	at org.testng.internal.Invoker.invokeTestMethods(Invoker.java:1231)
	at org.testng.internal.TestMethodWorker.invokeTestMethods(TestMethodWorker.java:127)
	at org.testng.internal.TestMethodWorker.run(TestMethodWorker.java:111)
	at org.testng.TestRunner.privateRun(TestRunner.java:767)
	at org.testng.TestRunner.run(TestRunner.java:617)
	at org.testng.SuiteRunner.runTest(SuiteRunner.java:334)
	at org.testng.SuiteRunner.runSequentially(SuiteRunner.java:329)
	at org.testng.SuiteRunner.privateRun(SuiteRunner.java:291)
	at org.testng.SuiteRunner.run(SuiteRunner.java:240)
	at org.testng.SuiteRunnerWorker.runSuite(SuiteRunnerWorker.java:52)
	at org.testng.SuiteRunnerWorker.run(SuiteRunnerWorker.java:86)
	at org.testng.TestNG.runSuitesSequentially(TestNG.java:1224)
	at org.testng.TestNG.runSuitesLocally(TestNG.java:1149)
	at org.testng.TestNG.run(TestNG.java:1057)
	at org.testng.remote.RemoteTestNG.run(RemoteTestNG.java:111)
	at org.testng.remote.RemoteTestNG.initAndRun(RemoteTestNG.java:204)
	at org.testng.remote.RemoteTestNG.main(RemoteTestNG.java:175)
]]>
    </failure>
  </testcase> <!-- VideoShowcase -->
  <testcase name="PrivateEquity" time="61.118" classname="test.HomePageTC"/>
</testsuite> <!-- Default test -->
